<?xml version="1.0" encoding="UTF-8"?>
<testng-results skipped="0" failed="0" ignored="0" total="3" passed="3">
  <reporter-output>
  </reporter-output>
  <suite name="Sample test Suite" duration-ms="79652" started-at="2019-10-24T13:10:34 IST" finished-at="2019-10-24T13:11:53 IST">
    <groups>
    </groups>
    <test name="Sample test" duration-ms="79652" started-at="2019-10-24T13:10:34 IST" finished-at="2019-10-24T13:11:53 IST">
      <class name="com.training.sanity.tests.ELearningLoginELTC_017">
        <test-method status="PASS" signature="setUpBeforeClass()[pri:0, instance:com.training.sanity.tests.ELearningLoginELTC_017@57855c9a]" name="setUpBeforeClass" is-config="true" duration-ms="25" started-at="2019-10-24T13:10:34 IST" finished-at="2019-10-24T13:10:34 IST">
          <reporter-output>
          </reporter-output>
        </test-method> <!-- setUpBeforeClass -->
        <test-method status="PASS" signature="setUp()[pri:0, instance:com.training.sanity.tests.ELearningLoginELTC_017@57855c9a]" name="setUp" is-config="true" duration-ms="25105" started-at="2019-10-24T13:10:34 IST" finished-at="2019-10-24T13:10:59 IST">
          <reporter-output>
          </reporter-output>
        </test-method> <!-- setUp -->
        <test-method status="PASS" signature="validLoginTest()[pri:0, instance:com.training.sanity.tests.ELearningLoginELTC_017@57855c9a]" name="validLoginTest" duration-ms="6036" started-at="2019-10-24T13:10:59 IST" finished-at="2019-10-24T13:11:05 IST">
          <reporter-output>
          </reporter-output>
        </test-method> <!-- validLoginTest -->
        <test-method status="PASS" signature="tearDown()[pri:0, instance:com.training.sanity.tests.ELearningLoginELTC_017@57855c9a]" name="tearDown" is-config="true" duration-ms="1201" started-at="2019-10-24T13:11:05 IST" finished-at="2019-10-24T13:11:06 IST">
          <reporter-output>
          </reporter-output>
        </test-method> <!-- tearDown -->
      </class> <!-- com.training.sanity.tests.ELearningLoginELTC_017 -->
      <class name="com.training.sanity.tests.ELearningPasswordChangeELTC_018">
        <test-method status="PASS" signature="setUpBeforeClass()[pri:0, instance:com.training.sanity.tests.ELearningPasswordChangeELTC_018@3224f60b]" name="setUpBeforeClass" is-config="true" duration-ms="0" started-at="2019-10-24T13:11:23 IST" finished-at="2019-10-24T13:11:23 IST">
          <reporter-output>
          </reporter-output>
        </test-method> <!-- setUpBeforeClass -->
        <test-method status="PASS" signature="setUp()[pri:0, instance:com.training.sanity.tests.ELearningPasswordChangeELTC_018@3224f60b]" name="setUp" is-config="true" duration-ms="5289" started-at="2019-10-24T13:11:23 IST" finished-at="2019-10-24T13:11:28 IST">
          <reporter-output>
          </reporter-output>
        </test-method> <!-- setUp -->
        <test-method status="PASS" signature="validLoginTest()[pri:0, instance:com.training.sanity.tests.ELearningPasswordChangeELTC_018@3224f60b]" name="validLoginTest" duration-ms="24273" started-at="2019-10-24T13:11:28 IST" finished-at="2019-10-24T13:11:52 IST">
          <reporter-output>
          </reporter-output>
        </test-method> <!-- validLoginTest -->
        <test-method status="PASS" signature="tearDown()[pri:0, instance:com.training.sanity.tests.ELearningPasswordChangeELTC_018@3224f60b]" name="tearDown" is-config="true" duration-ms="1226" started-at="2019-10-24T13:11:52 IST" finished-at="2019-10-24T13:11:53 IST">
          <reporter-output>
          </reporter-output>
        </test-method> <!-- tearDown -->
      </class> <!-- com.training.sanity.tests.ELearningPasswordChangeELTC_018 -->
      <class name="com.training.sanity.tests.ELearningLogoutELTC_016">
        <test-method status="PASS" signature="setUpBeforeClass()[pri:0, instance:com.training.sanity.tests.ELearningLogoutELTC_016@3b084709]" name="setUpBeforeClass" is-config="true" duration-ms="1" started-at="2019-10-24T13:11:06 IST" finished-at="2019-10-24T13:11:06 IST">
          <reporter-output>
          </reporter-output>
        </test-method> <!-- setUpBeforeClass -->
        <test-method status="PASS" signature="setUp()[pri:0, instance:com.training.sanity.tests.ELearningLogoutELTC_016@3b084709]" name="setUp" is-config="true" duration-ms="4967" started-at="2019-10-24T13:11:06 IST" finished-at="2019-10-24T13:11:11 IST">
          <reporter-output>
          </reporter-output>
        </test-method> <!-- setUp -->
        <test-method status="PASS" signature="validLoginTest()[pri:0, instance:com.training.sanity.tests.ELearningLogoutELTC_016@3b084709]" name="validLoginTest" duration-ms="7506" started-at="2019-10-24T13:11:11 IST" finished-at="2019-10-24T13:11:19 IST">
          <reporter-output>
          </reporter-output>
        </test-method> <!-- validLoginTest -->
        <test-method status="PASS" signature="tearDown()[pri:0, instance:com.training.sanity.tests.ELearningLogoutELTC_016@3b084709]" name="tearDown" is-config="true" duration-ms="3958" started-at="2019-10-24T13:11:19 IST" finished-at="2019-10-24T13:11:23 IST">
          <reporter-output>
          </reporter-output>
        </test-method> <!-- tearDown -->
      </class> <!-- com.training.sanity.tests.ELearningLogoutELTC_016 -->
    </test> <!-- Sample test -->
  </suite> <!-- Sample test Suite -->
</testng-results>
