<?xml version="1.0" encoding="UTF-8"?>
<testng-results skipped="0" failed="0" ignored="0" total="1" passed="1">
  <reporter-output>
  </reporter-output>
  <suite name="Default suite" duration-ms="91334" started-at="2019-10-31T11:45:06 IST" finished-at="2019-10-31T11:46:37 IST">
    <groups>
    </groups>
    <test name="Default test" duration-ms="91334" started-at="2019-10-31T11:45:06 IST" finished-at="2019-10-31T11:46:37 IST">
      <class name="com.training.sanity.tests.ELearningAdminCreateCategoryELTC_047">
        <test-method status="PASS" signature="setUpBeforeClass()[pri:0, instance:com.training.sanity.tests.ELearningAdminCreateCategoryELTC_047@79be0360]" name="setUpBeforeClass" is-config="true" duration-ms="13" started-at="2019-10-31T11:45:06 IST" finished-at="2019-10-31T11:45:06 IST">
          <reporter-output>
          </reporter-output>
        </test-method> <!-- setUpBeforeClass -->
        <test-method status="PASS" signature="setUp()[pri:0, instance:com.training.sanity.tests.ELearningAdminCreateCategoryELTC_047@79be0360]" name="setUp" is-config="true" duration-ms="30180" started-at="2019-10-31T11:45:06 IST" finished-at="2019-10-31T11:45:36 IST">
          <reporter-output>
          </reporter-output>
        </test-method> <!-- setUp -->
        <test-method status="PASS" signature="validLoginTest()[pri:0, instance:com.training.sanity.tests.ELearningAdminCreateCategoryELTC_047@79be0360]" name="validLoginTest" duration-ms="59900" started-at="2019-10-31T11:45:36 IST" finished-at="2019-10-31T11:46:36 IST">
          <reporter-output>
          </reporter-output>
        </test-method> <!-- validLoginTest -->
        <test-method status="PASS" signature="tearDown()[pri:0, instance:com.training.sanity.tests.ELearningAdminCreateCategoryELTC_047@79be0360]" name="tearDown" is-config="true" duration-ms="1192" started-at="2019-10-31T11:46:36 IST" finished-at="2019-10-31T11:46:37 IST">
          <reporter-output>
          </reporter-output>
        </test-method> <!-- tearDown -->
      </class> <!-- com.training.sanity.tests.ELearningAdminCreateCategoryELTC_047 -->
    </test> <!-- Default test -->
  </suite> <!-- Default suite -->
</testng-results>
