<?xml version="1.0" encoding="UTF-8"?>
<!-- Generated by org.testng.reporters.JUnitXMLReporter -->
<testsuite hostname="DESKTOP-IM89DI8" ignored="0" name="Sample test" tests="3" failures="0" timestamp="2019-10-24T13:11:54 IST" time="79.652" errors="0">
  <testcase name="validLoginTest" time="6.036" classname="com.training.sanity.tests.ELearningLoginELTC_017"/>
  <testcase name="validLoginTest" time="7.506" classname="com.training.sanity.tests.ELearningLogoutELTC_016"/>
  <testcase name="validLoginTest" time="24.273" classname="com.training.sanity.tests.ELearningPasswordChangeELTC_018"/>
</testsuite> <!-- Sample test -->
